2024-11-02T10:38:52.631-05:00  INFO 22412 --- [SysAlmacenFX] [JavaFX-Launcher] o.s.boot.SpringApplication               : Starting application using Java 23 with PID 22412 (started by Usuario in C:\VENTA-C2-G1\POO2024C2G1-devSDB (4)\POO2024C2G1-devSDB\SysAlmacenFX)
2024-11-02T10:38:52.646-05:00  INFO 22412 --- [SysAlmacenFX] [JavaFX-Launcher] o.s.boot.SpringApplication               : No active profile set, falling back to 1 default profile: "default"
2024-11-02T10:38:53.368-05:00  INFO 22412 --- [SysAlmacenFX] [JavaFX-Launcher] .s.d.r.c.RepositoryConfigurationDelegate : Bootstrapping Spring Data JPA repositories in DEFAULT mode.
2024-11-02T10:38:53.474-05:00  INFO 22412 --- [SysAlmacenFX] [JavaFX-Launcher] .s.d.r.c.RepositoryConfigurationDelegate : Finished Spring Data repository scanning in 97 ms. Found 15 JPA repository interfaces.
2024-11-02T10:38:53.899-05:00  INFO 22412 --- [SysAlmacenFX] [JavaFX-Launcher] o.hibernate.jpa.internal.util.LogHelper  : HHH000204: Processing PersistenceUnitInfo [name: default]
2024-11-02T10:38:53.982-05:00  INFO 22412 --- [SysAlmacenFX] [JavaFX-Launcher] org.hibernate.Version                    : HHH000412: Hibernate ORM core version 6.5.3.Final
2024-11-02T10:38:54.020-05:00  INFO 22412 --- [SysAlmacenFX] [JavaFX-Launcher] o.h.c.internal.RegionFactoryInitiator    : HHH000026: Second-level cache disabled
2024-11-02T10:38:54.349-05:00  INFO 22412 --- [SysAlmacenFX] [JavaFX-Launcher] o.s.o.j.p.SpringPersistenceUnitInfo      : No LoadTimeWeaver setup: ignoring JPA class transformer
2024-11-02T10:38:54.380-05:00  INFO 22412 --- [SysAlmacenFX] [JavaFX-Launcher] com.zaxxer.hikari.HikariDataSource       : HikariPool-1 - Starting...
2024-11-02T10:38:54.507-05:00  INFO 22412 --- [SysAlmacenFX] [JavaFX-Launcher] com.zaxxer.hikari.pool.HikariPool        : HikariPool-1 - Added connection org.sqlite.jdbc4.JDBC4Connection@420a7b64
2024-11-02T10:38:54.510-05:00  INFO 22412 --- [SysAlmacenFX] [JavaFX-Launcher] com.zaxxer.hikari.HikariDataSource       : HikariPool-1 - Start completed.
2024-11-02T10:38:55.774-05:00  INFO 22412 --- [SysAlmacenFX] [JavaFX-Launcher] o.h.e.t.j.p.i.JtaPlatformInitiator       : HHH000489: No JTA platform available (set 'hibernate.transaction.jta.platform' to enable JTA platform integration)
2024-11-02T10:38:55.813-05:00  INFO 22412 --- [SysAlmacenFX] [JavaFX-Launcher] j.LocalContainerEntityManagerFactoryBean : Initialized JPA EntityManagerFactory for persistence unit 'default'
2024-11-02T10:38:56.097-05:00  INFO 22412 --- [SysAlmacenFX] [JavaFX-Launcher] o.s.d.j.r.query.QueryEnhancerFactory     : Hibernate is in classpath; If applicable, HQL parser will be used.
2024-11-02T10:38:56.448-05:00  INFO 22412 --- [SysAlmacenFX] [JavaFX-Launcher] o.s.boot.SpringApplication               : Started application in 4.512 seconds (process running for 6.562)
2024-11-02T10:39:11.619-05:00  WARN 22412 --- [SysAlmacenFX] [JavaFX Application Thread] javafx                                   : Loading FXML document with JavaFX API of version 22 by JavaFX runtime of version 16
2024-11-02T10:39:41.233-05:00  WARN 22412 --- [SysAlmacenFX] [JavaFX Application Thread] javafx                                   : Loading FXML document with JavaFX API of version 22 by JavaFX runtime of version 16
2024-11-02T10:40:17.491-05:00  INFO 22412 --- [SysAlmacenFX] [SpringApplicationShutdownHook] j.LocalContainerEntityManagerFactoryBean : Closing JPA EntityManagerFactory for persistence unit 'default'
2024-11-02T10:40:17.497-05:00  INFO 22412 --- [SysAlmacenFX] [SpringApplicationShutdownHook] com.zaxxer.hikari.HikariDataSource       : HikariPool-1 - Shutdown initiated...
2024-11-02T10:40:17.503-05:00  INFO 22412 --- [SysAlmacenFX] [SpringApplicationShutdownHook] com.zaxxer.hikari.HikariDataSource       : HikariPool-1 - Shutdown completed.
2024-11-02T10:58:43.276-05:00  INFO 10696 --- [SysAlmacenFX] [JavaFX-Launcher] o.s.boot.SpringApplication               : Starting application using Java 23 with PID 10696 (started by Usuario in C:\VENTA-C2-G1\POO2024C2G1-devSDB (4)\POO2024C2G1-devSDB\SysAlmacenFX)
2024-11-02T10:58:43.281-05:00  INFO 10696 --- [SysAlmacenFX] [JavaFX-Launcher] o.s.boot.SpringApplication               : No active profile set, falling back to 1 default profile: "default"
2024-11-02T10:58:44.285-05:00  INFO 10696 --- [SysAlmacenFX] [JavaFX-Launcher] .s.d.r.c.RepositoryConfigurationDelegate : Bootstrapping Spring Data JPA repositories in DEFAULT mode.
2024-11-02T10:58:44.394-05:00  INFO 10696 --- [SysAlmacenFX] [JavaFX-Launcher] .s.d.r.c.RepositoryConfigurationDelegate : Finished Spring Data repository scanning in 101 ms. Found 15 JPA repository interfaces.
2024-11-02T10:58:44.884-05:00  INFO 10696 --- [SysAlmacenFX] [JavaFX-Launcher] o.hibernate.jpa.internal.util.LogHelper  : HHH000204: Processing PersistenceUnitInfo [name: default]
2024-11-02T10:58:44.953-05:00  INFO 10696 --- [SysAlmacenFX] [JavaFX-Launcher] org.hibernate.Version                    : HHH000412: Hibernate ORM core version 6.5.3.Final
2024-11-02T10:58:44.983-05:00  INFO 10696 --- [SysAlmacenFX] [JavaFX-Launcher] o.h.c.internal.RegionFactoryInitiator    : HHH000026: Second-level cache disabled
2024-11-02T10:58:45.288-05:00  INFO 10696 --- [SysAlmacenFX] [JavaFX-Launcher] o.s.o.j.p.SpringPersistenceUnitInfo      : No LoadTimeWeaver setup: ignoring JPA class transformer
2024-11-02T10:58:45.324-05:00  INFO 10696 --- [SysAlmacenFX] [JavaFX-Launcher] com.zaxxer.hikari.HikariDataSource       : HikariPool-1 - Starting...
2024-11-02T10:58:45.460-05:00  INFO 10696 --- [SysAlmacenFX] [JavaFX-Launcher] com.zaxxer.hikari.pool.HikariPool        : HikariPool-1 - Added connection org.sqlite.jdbc4.JDBC4Connection@78327fea
2024-11-02T10:58:45.463-05:00  INFO 10696 --- [SysAlmacenFX] [JavaFX-Launcher] com.zaxxer.hikari.HikariDataSource       : HikariPool-1 - Start completed.
2024-11-02T10:58:46.750-05:00  INFO 10696 --- [SysAlmacenFX] [JavaFX-Launcher] o.h.e.t.j.p.i.JtaPlatformInitiator       : HHH000489: No JTA platform available (set 'hibernate.transaction.jta.platform' to enable JTA platform integration)
2024-11-02T10:58:46.789-05:00  INFO 10696 --- [SysAlmacenFX] [JavaFX-Launcher] j.LocalContainerEntityManagerFactoryBean : Initialized JPA EntityManagerFactory for persistence unit 'default'
2024-11-02T10:58:47.102-05:00  INFO 10696 --- [SysAlmacenFX] [JavaFX-Launcher] o.s.d.j.r.query.QueryEnhancerFactory     : Hibernate is in classpath; If applicable, HQL parser will be used.
2024-11-02T10:58:47.503-05:00  INFO 10696 --- [SysAlmacenFX] [JavaFX-Launcher] o.s.boot.SpringApplication               : Started application in 5.067 seconds (process running for 6.227)
2024-11-02T11:00:29.463-05:00  WARN 10696 --- [SysAlmacenFX] [JavaFX Application Thread] javafx                                   : Loading FXML document with JavaFX API of version 22 by JavaFX runtime of version 16
2024-11-02T11:12:04.906-05:00  INFO 10696 --- [SysAlmacenFX] [SpringApplicationShutdownHook] j.LocalContainerEntityManagerFactoryBean : Closing JPA EntityManagerFactory for persistence unit 'default'
2024-11-02T11:12:04.909-05:00  INFO 10696 --- [SysAlmacenFX] [SpringApplicationShutdownHook] com.zaxxer.hikari.HikariDataSource       : HikariPool-1 - Shutdown initiated...
2024-11-02T11:12:04.917-05:00  INFO 10696 --- [SysAlmacenFX] [SpringApplicationShutdownHook] com.zaxxer.hikari.HikariDataSource       : HikariPool-1 - Shutdown completed.
2024-11-02T11:18:05.644-05:00  INFO 21512 --- [SysAlmacenFX] [JavaFX-Launcher] o.s.boot.SpringApplication               : Starting application using Java 23 with PID 21512 (started by Usuario in C:\VENTA-C2-G1\POO2024C2G1-devSDB (4)\POO2024C2G1-devSDB\SysAlmacenFX)
2024-11-02T11:18:05.649-05:00  INFO 21512 --- [SysAlmacenFX] [JavaFX-Launcher] o.s.boot.SpringApplication               : No active profile set, falling back to 1 default profile: "default"
2024-11-02T11:18:06.502-05:00  INFO 21512 --- [SysAlmacenFX] [JavaFX-Launcher] .s.d.r.c.RepositoryConfigurationDelegate : Bootstrapping Spring Data JPA repositories in DEFAULT mode.
2024-11-02T11:18:06.608-05:00  INFO 21512 --- [SysAlmacenFX] [JavaFX-Launcher] .s.d.r.c.RepositoryConfigurationDelegate : Finished Spring Data repository scanning in 97 ms. Found 15 JPA repository interfaces.
2024-11-02T11:18:07.144-05:00  INFO 21512 --- [SysAlmacenFX] [JavaFX-Launcher] o.hibernate.jpa.internal.util.LogHelper  : HHH000204: Processing PersistenceUnitInfo [name: default]
2024-11-02T11:18:07.211-05:00  INFO 21512 --- [SysAlmacenFX] [JavaFX-Launcher] org.hibernate.Version                    : HHH000412: Hibernate ORM core version 6.5.3.Final
2024-11-02T11:18:07.245-05:00  INFO 21512 --- [SysAlmacenFX] [JavaFX-Launcher] o.h.c.internal.RegionFactoryInitiator    : HHH000026: Second-level cache disabled
2024-11-02T11:18:07.561-05:00  INFO 21512 --- [SysAlmacenFX] [JavaFX-Launcher] o.s.o.j.p.SpringPersistenceUnitInfo      : No LoadTimeWeaver setup: ignoring JPA class transformer
2024-11-02T11:18:07.598-05:00  INFO 21512 --- [SysAlmacenFX] [JavaFX-Launcher] com.zaxxer.hikari.HikariDataSource       : HikariPool-1 - Starting...
2024-11-02T11:18:07.739-05:00  INFO 21512 --- [SysAlmacenFX] [JavaFX-Launcher] com.zaxxer.hikari.pool.HikariPool        : HikariPool-1 - Added connection org.sqlite.jdbc4.JDBC4Connection@46566721
2024-11-02T11:18:07.742-05:00  INFO 21512 --- [SysAlmacenFX] [JavaFX-Launcher] com.zaxxer.hikari.HikariDataSource       : HikariPool-1 - Start completed.
2024-11-02T11:18:09.070-05:00  INFO 21512 --- [SysAlmacenFX] [JavaFX-Launcher] o.h.e.t.j.p.i.JtaPlatformInitiator       : HHH000489: No JTA platform available (set 'hibernate.transaction.jta.platform' to enable JTA platform integration)
2024-11-02T11:18:09.110-05:00  INFO 21512 --- [SysAlmacenFX] [JavaFX-Launcher] j.LocalContainerEntityManagerFactoryBean : Initialized JPA EntityManagerFactory for persistence unit 'default'
2024-11-02T11:18:09.446-05:00  INFO 21512 --- [SysAlmacenFX] [JavaFX-Launcher] o.s.d.j.r.query.QueryEnhancerFactory     : Hibernate is in classpath; If applicable, HQL parser will be used.
2024-11-02T11:18:09.885-05:00  INFO 21512 --- [SysAlmacenFX] [JavaFX-Launcher] o.s.boot.SpringApplication               : Started application in 4.995 seconds (process running for 6.147)
2024-11-02T11:18:22.053-05:00  WARN 21512 --- [SysAlmacenFX] [JavaFX Application Thread] javafx                                   : Loading FXML document with JavaFX API of version 22 by JavaFX runtime of version 16
2024-11-02T11:18:24.657-05:00  INFO 21512 --- [SysAlmacenFX] [JavaFX Application Thread] j.LocalContainerEntityManagerFactoryBean : Closing JPA EntityManagerFactory for persistence unit 'default'
2024-11-02T11:18:24.659-05:00  INFO 21512 --- [SysAlmacenFX] [JavaFX Application Thread] com.zaxxer.hikari.HikariDataSource       : HikariPool-1 - Shutdown initiated...
2024-11-02T11:18:24.680-05:00  INFO 21512 --- [SysAlmacenFX] [JavaFX Application Thread] com.zaxxer.hikari.HikariDataSource       : HikariPool-1 - Shutdown completed.
2024-11-02T11:19:53.937-05:00  INFO 13404 --- [SysAlmacenFX] [JavaFX-Launcher] o.s.boot.SpringApplication               : Starting application using Java 23 with PID 13404 (started by Usuario in C:\VENTA-C2-G1\POO2024C2G1-devSDB (4)\POO2024C2G1-devSDB\SysAlmacenFX)
2024-11-02T11:19:53.940-05:00  INFO 13404 --- [SysAlmacenFX] [JavaFX-Launcher] o.s.boot.SpringApplication               : No active profile set, falling back to 1 default profile: "default"
2024-11-02T11:19:55.049-05:00  INFO 13404 --- [SysAlmacenFX] [JavaFX-Launcher] .s.d.r.c.RepositoryConfigurationDelegate : Bootstrapping Spring Data JPA repositories in DEFAULT mode.
2024-11-02T11:19:55.150-05:00  INFO 13404 --- [SysAlmacenFX] [JavaFX-Launcher] .s.d.r.c.RepositoryConfigurationDelegate : Finished Spring Data repository scanning in 92 ms. Found 15 JPA repository interfaces.
2024-11-02T11:19:55.713-05:00  INFO 13404 --- [SysAlmacenFX] [JavaFX-Launcher] o.hibernate.jpa.internal.util.LogHelper  : HHH000204: Processing PersistenceUnitInfo [name: default]
2024-11-02T11:19:55.779-05:00  INFO 13404 --- [SysAlmacenFX] [JavaFX-Launcher] org.hibernate.Version                    : HHH000412: Hibernate ORM core version 6.5.3.Final
2024-11-02T11:19:55.807-05:00  INFO 13404 --- [SysAlmacenFX] [JavaFX-Launcher] o.h.c.internal.RegionFactoryInitiator    : HHH000026: Second-level cache disabled
2024-11-02T11:19:56.138-05:00  INFO 13404 --- [SysAlmacenFX] [JavaFX-Launcher] o.s.o.j.p.SpringPersistenceUnitInfo      : No LoadTimeWeaver setup: ignoring JPA class transformer
2024-11-02T11:19:56.178-05:00  INFO 13404 --- [SysAlmacenFX] [JavaFX-Launcher] com.zaxxer.hikari.HikariDataSource       : HikariPool-1 - Starting...
2024-11-02T11:19:56.329-05:00  INFO 13404 --- [SysAlmacenFX] [JavaFX-Launcher] com.zaxxer.hikari.pool.HikariPool        : HikariPool-1 - Added connection org.sqlite.jdbc4.JDBC4Connection@38497b5c
2024-11-02T11:19:56.334-05:00  INFO 13404 --- [SysAlmacenFX] [JavaFX-Launcher] com.zaxxer.hikari.HikariDataSource       : HikariPool-1 - Start completed.
2024-11-02T11:19:57.670-05:00  INFO 13404 --- [SysAlmacenFX] [JavaFX-Launcher] o.h.e.t.j.p.i.JtaPlatformInitiator       : HHH000489: No JTA platform available (set 'hibernate.transaction.jta.platform' to enable JTA platform integration)
2024-11-02T11:19:57.716-05:00  INFO 13404 --- [SysAlmacenFX] [JavaFX-Launcher] j.LocalContainerEntityManagerFactoryBean : Initialized JPA EntityManagerFactory for persistence unit 'default'
2024-11-02T11:19:58.039-05:00  INFO 13404 --- [SysAlmacenFX] [JavaFX-Launcher] o.s.d.j.r.query.QueryEnhancerFactory     : Hibernate is in classpath; If applicable, HQL parser will be used.
2024-11-02T11:19:58.759-05:00  INFO 13404 --- [SysAlmacenFX] [JavaFX-Launcher] o.s.boot.SpringApplication               : Started application in 5.664 seconds (process running for 6.816)
2024-11-02T11:19:58.837-05:00  INFO 13404 --- [SysAlmacenFX] [SpringApplicationShutdownHook] j.LocalContainerEntityManagerFactoryBean : Closing JPA EntityManagerFactory for persistence unit 'default'
2024-11-02T11:19:58.841-05:00  INFO 13404 --- [SysAlmacenFX] [SpringApplicationShutdownHook] com.zaxxer.hikari.HikariDataSource       : HikariPool-1 - Shutdown initiated...
2024-11-02T11:19:58.846-05:00  INFO 13404 --- [SysAlmacenFX] [SpringApplicationShutdownHook] com.zaxxer.hikari.HikariDataSource       : HikariPool-1 - Shutdown completed.
2024-11-02T11:25:05.376-05:00  INFO 9060 --- [SysAlmacenFX] [JavaFX-Launcher] o.s.boot.SpringApplication               : Starting application using Java 23 with PID 9060 (started by Usuario in C:\VENTA-C2-G1\POO2024C2G1-devSDB (4)\POO2024C2G1-devSDB\SysAlmacenFX)
2024-11-02T11:25:05.378-05:00  INFO 9060 --- [SysAlmacenFX] [JavaFX-Launcher] o.s.boot.SpringApplication               : No active profile set, falling back to 1 default profile: "default"
2024-11-02T11:25:06.227-05:00  INFO 9060 --- [SysAlmacenFX] [JavaFX-Launcher] .s.d.r.c.RepositoryConfigurationDelegate : Bootstrapping Spring Data JPA repositories in DEFAULT mode.
2024-11-02T11:25:06.327-05:00  INFO 9060 --- [SysAlmacenFX] [JavaFX-Launcher] .s.d.r.c.RepositoryConfigurationDelegate : Finished Spring Data repository scanning in 93 ms. Found 15 JPA repository interfaces.
2024-11-02T11:25:06.806-05:00  INFO 9060 --- [SysAlmacenFX] [JavaFX-Launcher] o.hibernate.jpa.internal.util.LogHelper  : HHH000204: Processing PersistenceUnitInfo [name: default]
2024-11-02T11:25:06.863-05:00  INFO 9060 --- [SysAlmacenFX] [JavaFX-Launcher] org.hibernate.Version                    : HHH000412: Hibernate ORM core version 6.5.3.Final
2024-11-02T11:25:06.892-05:00  INFO 9060 --- [SysAlmacenFX] [JavaFX-Launcher] o.h.c.internal.RegionFactoryInitiator    : HHH000026: Second-level cache disabled
2024-11-02T11:25:07.182-05:00  INFO 9060 --- [SysAlmacenFX] [JavaFX-Launcher] o.s.o.j.p.SpringPersistenceUnitInfo      : No LoadTimeWeaver setup: ignoring JPA class transformer
2024-11-02T11:25:07.214-05:00  INFO 9060 --- [SysAlmacenFX] [JavaFX-Launcher] com.zaxxer.hikari.HikariDataSource       : HikariPool-1 - Starting...
2024-11-02T11:25:07.352-05:00  INFO 9060 --- [SysAlmacenFX] [JavaFX-Launcher] com.zaxxer.hikari.pool.HikariPool        : HikariPool-1 - Added connection org.sqlite.jdbc4.JDBC4Connection@38497b5c
2024-11-02T11:25:07.355-05:00  INFO 9060 --- [SysAlmacenFX] [JavaFX-Launcher] com.zaxxer.hikari.HikariDataSource       : HikariPool-1 - Start completed.
2024-11-02T11:25:08.590-05:00  INFO 9060 --- [SysAlmacenFX] [JavaFX-Launcher] o.h.e.t.j.p.i.JtaPlatformInitiator       : HHH000489: No JTA platform available (set 'hibernate.transaction.jta.platform' to enable JTA platform integration)
2024-11-02T11:25:08.629-05:00  INFO 9060 --- [SysAlmacenFX] [JavaFX-Launcher] j.LocalContainerEntityManagerFactoryBean : Initialized JPA EntityManagerFactory for persistence unit 'default'
2024-11-02T11:25:08.939-05:00  INFO 9060 --- [SysAlmacenFX] [JavaFX-Launcher] o.s.d.j.r.query.QueryEnhancerFactory     : Hibernate is in classpath; If applicable, HQL parser will be used.
2024-11-02T11:25:09.353-05:00  INFO 9060 --- [SysAlmacenFX] [JavaFX-Launcher] o.s.boot.SpringApplication               : Started application in 4.675 seconds (process running for 5.734)
2024-11-02T11:25:26.605-05:00  WARN 9060 --- [SysAlmacenFX] [JavaFX Application Thread] javafx                                   : Loading FXML document with JavaFX API of version 22 by JavaFX runtime of version 16
2024-11-02T11:26:27.924-05:00  INFO 9060 --- [SysAlmacenFX] [JavaFX Application Thread] j.LocalContainerEntityManagerFactoryBean : Closing JPA EntityManagerFactory for persistence unit 'default'
2024-11-02T11:26:27.927-05:00  INFO 9060 --- [SysAlmacenFX] [JavaFX Application Thread] com.zaxxer.hikari.HikariDataSource       : HikariPool-1 - Shutdown initiated...
2024-11-02T11:26:27.945-05:00  INFO 9060 --- [SysAlmacenFX] [JavaFX Application Thread] com.zaxxer.hikari.HikariDataSource       : HikariPool-1 - Shutdown completed.
2024-11-02T12:34:56.960-05:00  INFO 11980 --- [SysAlmacenFX] [JavaFX-Launcher] o.s.boot.SpringApplication               : Starting application using Java 23 with PID 11980 (started by Usuario in C:\VENTA-C2-G1\POO2024C2G1-devSDB (4)\POO2024C2G1-devSDB\SysAlmacenFX)
2024-11-02T12:34:56.963-05:00  INFO 11980 --- [SysAlmacenFX] [JavaFX-Launcher] o.s.boot.SpringApplication               : No active profile set, falling back to 1 default profile: "default"
2024-11-02T12:34:57.799-05:00  INFO 11980 --- [SysAlmacenFX] [JavaFX-Launcher] .s.d.r.c.RepositoryConfigurationDelegate : Bootstrapping Spring Data JPA repositories in DEFAULT mode.
2024-11-02T12:34:57.911-05:00  INFO 11980 --- [SysAlmacenFX] [JavaFX-Launcher] .s.d.r.c.RepositoryConfigurationDelegate : Finished Spring Data repository scanning in 101 ms. Found 15 JPA repository interfaces.
2024-11-02T12:34:58.407-05:00  INFO 11980 --- [SysAlmacenFX] [JavaFX-Launcher] o.hibernate.jpa.internal.util.LogHelper  : HHH000204: Processing PersistenceUnitInfo [name: default]
2024-11-02T12:34:58.475-05:00  INFO 11980 --- [SysAlmacenFX] [JavaFX-Launcher] org.hibernate.Version                    : HHH000412: Hibernate ORM core version 6.5.3.Final
2024-11-02T12:34:58.512-05:00  INFO 11980 --- [SysAlmacenFX] [JavaFX-Launcher] o.h.c.internal.RegionFactoryInitiator    : HHH000026: Second-level cache disabled
2024-11-02T12:34:58.922-05:00  INFO 11980 --- [SysAlmacenFX] [JavaFX-Launcher] o.s.o.j.p.SpringPersistenceUnitInfo      : No LoadTimeWeaver setup: ignoring JPA class transformer
2024-11-02T12:34:58.962-05:00  INFO 11980 --- [SysAlmacenFX] [JavaFX-Launcher] com.zaxxer.hikari.HikariDataSource       : HikariPool-1 - Starting...
2024-11-02T12:34:59.116-05:00  INFO 11980 --- [SysAlmacenFX] [JavaFX-Launcher] com.zaxxer.hikari.pool.HikariPool        : HikariPool-1 - Added connection org.sqlite.jdbc4.JDBC4Connection@77cbb017
2024-11-02T12:34:59.119-05:00  INFO 11980 --- [SysAlmacenFX] [JavaFX-Launcher] com.zaxxer.hikari.HikariDataSource       : HikariPool-1 - Start completed.
2024-11-02T12:35:00.581-05:00  INFO 11980 --- [SysAlmacenFX] [JavaFX-Launcher] o.h.e.t.j.p.i.JtaPlatformInitiator       : HHH000489: No JTA platform available (set 'hibernate.transaction.jta.platform' to enable JTA platform integration)
2024-11-02T12:35:00.627-05:00  INFO 11980 --- [SysAlmacenFX] [JavaFX-Launcher] j.LocalContainerEntityManagerFactoryBean : Initialized JPA EntityManagerFactory for persistence unit 'default'
2024-11-02T12:35:00.970-05:00  INFO 11980 --- [SysAlmacenFX] [JavaFX-Launcher] o.s.d.j.r.query.QueryEnhancerFactory     : Hibernate is in classpath; If applicable, HQL parser will be used.
2024-11-02T12:35:01.426-05:00  INFO 11980 --- [SysAlmacenFX] [JavaFX-Launcher] o.s.boot.SpringApplication               : Started application in 5.245 seconds (process running for 6.33)
2024-11-02T12:35:08.293-05:00  INFO 11980 --- [SysAlmacenFX] [JavaFX Application Thread] j.LocalContainerEntityManagerFactoryBean : Closing JPA EntityManagerFactory for persistence unit 'default'
2024-11-02T12:35:08.297-05:00  INFO 11980 --- [SysAlmacenFX] [JavaFX Application Thread] com.zaxxer.hikari.HikariDataSource       : HikariPool-1 - Shutdown initiated...
2024-11-02T12:35:08.300-05:00  INFO 11980 --- [SysAlmacenFX] [JavaFX Application Thread] com.zaxxer.hikari.HikariDataSource       : HikariPool-1 - Shutdown completed.
